
ROM used:   69 (1%)
            69 (1%) including unused fragments

            0 Average locations per line
            12 Average locations per statement

RAM used:   6 (2%) at main() level
            7 (2%) worst case

Stack used: 1/8 worst case (1 in main + 0 for interrupts)

Lines Stmts  %   Files
----- ----- ---  -----
   29     6 100  singleLEDFlasher_ex01.c
  430     0   0  ..\..\..\..\..\..\..\..\Program Files (x86)\PICC\devices\16F887.h
----- -----
  459     6 Total

Page ROM  %  RAM   Vol Diff  Functions:
---- --- --- ---   --- ----  ----------
0     20  29   1             @delay_ms1
0     45  65   1    86  1.6  main
 Inline        0             @cinit1

Program metrics:
    Functions               1
    Statements              6
    Comments                103
    Volume (V)              90
    Difficulty (D)          1.4
    Effort to implement (E) 125
    Time to implement (T)   0 minutes
    Est Delivered Bugs (B)  0
    Cyclomatic Complexity   1
    Maintainability (MI)    118

 Segment     Used  Free
-----------  ----  ----
00000-00003     4  0  
00004-007FF    65  1979  
00800-00FFF     0  2048  
01000-017FF     0  2048  
01800-01FFF     0  2048  



